<?xml version="1.0" encoding="UTF-8"?>
<robot generator="Robot 6.1.1 (Python 3.9.7 on win32)" generated="20231212 15:22:56.371" rpa="false" schemaversion="4">
<suite id="s1" name="Tests" source="C:\Users\lahte\OneDrive\Documents\GitHub\reseptiautomaatti\tests">
<suite id="s1-s1" name="Resepti" source="C:\Users\lahte\OneDrive\Documents\GitHub\reseptiautomaatti\tests\resepti.robot">
<test id="s1-s1-t1" name="Validte start page" line="17">
<kw name="Start web test" library="Common" type="SETUP">
<arg>${BROWSER}</arg>
<kw name="Open Browser" library="SeleniumLibrary">
<arg>about:blank</arg>
<arg>${BROWSER}</arg>
<doc>Opens a new browser instance to the optional ``url``.</doc>
<msg timestamp="20231212 15:22:56.606" level="INFO">Opening browser 'firefox' to base url 'about:blank'.</msg>
<status status="PASS" starttime="20231212 15:22:56.606" endtime="20231212 15:23:01.655"/>
</kw>
<status status="PASS" starttime="20231212 15:22:56.606" endtime="20231212 15:23:01.655"/>
</kw>
<kw name="Validte start page" library="Common">
<kw name="Go To" library="SeleniumLibrary">
<arg>${URL}</arg>
<doc>Navigates the current browser window to the provided ``url``.</doc>
<msg timestamp="20231212 15:23:01.655" level="INFO">Opening url 'https://www.s-kaupat.fi/'</msg>
<status status="PASS" starttime="20231212 15:23:01.655" endtime="20231212 15:23:02.810"/>
</kw>
<kw name="Sleep" library="BuiltIn">
<arg>4s</arg>
<doc>Pauses the test executed for the given time.</doc>
<msg timestamp="20231212 15:23:06.814" level="INFO">Slept 4 seconds</msg>
<status status="PASS" starttime="20231212 15:23:02.811" endtime="20231212 15:23:06.814"/>
</kw>
<kw name="Wait Until Page Contains" library="SeleniumLibrary">
<arg>${KEY_TAG_START_PAGE}</arg>
<doc>Waits until ``text`` appears on the current page.</doc>
<status status="PASS" starttime="20231212 15:23:06.815" endtime="20231212 15:23:06.841"/>
</kw>
<status status="PASS" starttime="20231212 15:23:01.655" endtime="20231212 15:23:06.842"/>
</kw>
<kw name="End web test" library="Common" type="TEARDOWN">
<kw name="Sleep" library="BuiltIn">
<arg>2 s</arg>
<doc>Pauses the test executed for the given time.</doc>
<msg timestamp="20231212 15:23:08.861" level="INFO">Slept 2 seconds</msg>
<status status="PASS" starttime="20231212 15:23:06.845" endtime="20231212 15:23:08.861"/>
</kw>
<kw name="Close Browser" library="SeleniumLibrary">
<doc>Closes the current browser.</doc>
<status status="PASS" starttime="20231212 15:23:08.861" endtime="20231212 15:23:10.960"/>
</kw>
<status status="PASS" starttime="20231212 15:23:06.843" endtime="20231212 15:23:10.960"/>
</kw>
<status status="PASS" starttime="20231212 15:22:56.606" endtime="20231212 15:23:10.960"/>
</test>
<doc>This is...</doc>
<status status="PASS" starttime="20231212 15:22:56.404" endtime="20231212 15:23:10.960"/>
</suite>
<status status="PASS" starttime="20231212 15:22:56.388" endtime="20231212 15:23:10.960"/>
</suite>
<statistics>
<total>
<stat pass="1" fail="0" skip="0">All Tests</stat>
</total>
<tag>
</tag>
<suite>
<stat pass="1" fail="0" skip="0" id="s1" name="Tests">Tests</stat>
<stat pass="1" fail="0" skip="0" id="s1-s1" name="Resepti">Tests.Resepti</stat>
</suite>
</statistics>
<errors>
</errors>
</robot>
