<?xml version="1.0" encoding="UTF-8"?>
<robot generator="Robot 6.1.1 (Python 3.9.7 on win32)" generated="20231212 16:41:43.937" rpa="false" schemaversion="4">
<suite id="s1" name="Tests" source="C:\Users\lahte\OneDrive\Documents\GitHub\reseptiautomaatti\tests">
<suite id="s1-s1" name="Resepti" source="C:\Users\lahte\OneDrive\Documents\GitHub\reseptiautomaatti\tests\resepti.robot">
<test id="s1-s1-t1" name="Validte start page" line="17">
<kw name="Start web test" library="Common" type="SETUP">
<arg>${BROWSER}</arg>
<kw name="Open Browser" library="SeleniumLibrary">
<arg>about:blank</arg>
<arg>${BROWSER}</arg>
<doc>Opens a new browser instance to the optional ``url``.</doc>
<msg timestamp="20231212 16:41:44.132" level="INFO">Opening browser 'firefox' to base url 'about:blank'.</msg>
<status status="PASS" starttime="20231212 16:41:44.132" endtime="20231212 16:41:49.297"/>
</kw>
<status status="PASS" starttime="20231212 16:41:44.132" endtime="20231212 16:41:49.297"/>
</kw>
<kw name="Validte start page" library="Common">
<kw name="Go To" library="SeleniumLibrary">
<arg>${URL}</arg>
<doc>Navigates the current browser window to the provided ``url``.</doc>
<msg timestamp="20231212 16:41:49.305" level="INFO">Opening url 'https://www.s-kaupat.fi/'</msg>
<status status="PASS" starttime="20231212 16:41:49.305" endtime="20231212 16:41:50.790"/>
</kw>
<kw name="Sleep" library="BuiltIn">
<arg>5s</arg>
<doc>Pauses the test executed for the given time.</doc>
<msg timestamp="20231212 16:41:55.805" level="INFO">Slept 5 seconds</msg>
<status status="PASS" starttime="20231212 16:41:50.790" endtime="20231212 16:41:55.805"/>
</kw>
<kw name="Click Button" library="SeleniumLibrary">
<arg>uc-accept-all-button</arg>
<doc>Clicks the button identified by ``locator``.</doc>
<msg timestamp="20231212 16:41:55.805" level="INFO">Clicking button 'uc-accept-all-button'.</msg>
<msg timestamp="20231212 16:41:55.930" level="INFO" html="true">&lt;/td&gt;&lt;/tr&gt;&lt;tr&gt;&lt;td colspan="3"&gt;&lt;a href="selenium-screenshot-7.png"&gt;&lt;img src="selenium-screenshot-7.png" width="800px"&gt;&lt;/a&gt;</msg>
<msg timestamp="20231212 16:41:55.930" level="FAIL">Button with locator 'uc-accept-all-button' not found.</msg>
<status status="FAIL" starttime="20231212 16:41:55.805" endtime="20231212 16:41:55.933"/>
</kw>
<status status="FAIL" starttime="20231212 16:41:49.305" endtime="20231212 16:41:55.933"/>
</kw>
<kw name="End web test" library="Common" type="TEARDOWN">
<kw name="Sleep" library="BuiltIn">
<arg>2 s</arg>
<doc>Pauses the test executed for the given time.</doc>
<msg timestamp="20231212 16:41:57.942" level="INFO">Slept 2 seconds</msg>
<status status="PASS" starttime="20231212 16:41:55.933" endtime="20231212 16:41:57.943"/>
</kw>
<kw name="Close Browser" library="SeleniumLibrary">
<doc>Closes the current browser.</doc>
<status status="PASS" starttime="20231212 16:41:57.943" endtime="20231212 16:41:59.986"/>
</kw>
<status status="PASS" starttime="20231212 16:41:55.933" endtime="20231212 16:41:59.986"/>
</kw>
<status status="FAIL" starttime="20231212 16:41:44.132" endtime="20231212 16:41:59.986">Button with locator 'uc-accept-all-button' not found.</status>
</test>
<doc>This is...</doc>
<status status="FAIL" starttime="20231212 16:41:43.955" endtime="20231212 16:41:59.986"/>
</suite>
<status status="FAIL" starttime="20231212 16:41:43.939" endtime="20231212 16:41:59.986"/>
</suite>
<statistics>
<total>
<stat pass="0" fail="1" skip="0">All Tests</stat>
</total>
<tag>
</tag>
<suite>
<stat pass="0" fail="1" skip="0" id="s1" name="Tests">Tests</stat>
<stat pass="0" fail="1" skip="0" id="s1-s1" name="Resepti">Tests.Resepti</stat>
</suite>
</statistics>
<errors>
</errors>
</robot>
